	Exporter version: 4.2.0, Blender version: 2.76 (sub 0)
========= Conversion from Blender to Babylon.js =========
	Scene settings used:
		selected layers only:  false
		flat shading entire scene:  false
		inline textures:  false
	Python World class constructor completed
	processing begun of mesh:  SketchUp
		processing begun of Standard material:  material
		num positions      :  56
		num normals        :  56
		num uvs            :  0
		num uvs2           :  0
		num colors         :  0
		num indices        :  120
	processing begun of node:  Last Saved SketchUp View
========= An error was encountered =========
  File "C:\Users\mikem_000\AppData\Roaming\Blender Foundation\Blender\2.76\scripts\addons\io_export_babylon.py", line 328, in execute
    self.meshesAndNodes.append(Node(object))
  File "C:\Users\mikem_000\AppData\Roaming\Blender Foundation\Blender\2.76\scripts\addons\io_export_babylon.py", line 1242, in __init__
    self.define_animations(object, True, True, True)  #Should animations be done when forcedParent
  File "C:\Users\mikem_000\AppData\Roaming\Blender Foundation\Blender\2.76\scripts\addons\io_export_babylon.py", line 560, in define_animations
    self.animationsPresent = object.animation_data and object.animation_data.action
ERROR:  type object 'object' has no attribute 'animation_data'
========= end of processing =========
elapsed time:  0 min, 0.022 secs
