	Exporter version: 4.2.0, Blender version: 2.76 (sub 0)
========= Conversion from Blender to Babylon.js =========
	Scene settings used:
		selected layers only:  false
		flat shading entire scene:  false
		inline textures:  false
	Python World class constructor completed
	processing begun of mesh:  Model
		processing begun of Standard material:  FrontCol
		processing begun of Standard material:  Material.001
		processing begun of Standard material:  Material.002
		processing begun of multimaterial:  person.Multimaterial#0
		num positions      :  45
		num normals        :  45
		num uvs            :  90
		num uvs2           :  0
		num colors         :  0
		num indices        :  84
	processing begun of mesh:  Camera.001
		WARNING: No materials have been assigned: 
		num positions      :  0
		num normals        :  0
		num uvs            :  0
		num uvs2           :  0
		num colors         :  0
		num indices        :  0
	processing begun of camera (FreeCamera):  Camera
	processing begun of light (POINT):  Lamp
========= Writing of scene file started =========
========= Writing of scene file completed =========
========= end of processing =========
elapsed time:  0 min, 0.0695 secs
