	Exporter version: 4.2.0, Blender version: 2.76 (sub 0)
========= Conversion from Blender to Babylon.js =========
	Scene settings used:
		selected layers only:  false
		flat shading entire scene:  false
		inline textures:  false
	Python World class constructor completed
	processing begun of mesh:  Model
		processing begun of Standard material:  FrontCol
		processing begun of Standard material:  Material.001
		processing begun of multimaterial:  simplehousecolor.Multimaterial#0
		num positions      :  78
		num normals        :  78
		num uvs            :  156
		num uvs2           :  0
		num colors         :  0
		num indices        :  147
	processing begun of mesh:  Camera.001
		WARNING: No materials have been assigned: 
		num positions      :  0
		num normals        :  0
		num uvs            :  0
		num uvs2           :  0
		num colors         :  0
		num indices        :  0
	processing begun of mesh:  Mesh04
		processing begun of Standard material:  Foregrou
		num positions      :  10
		num normals        :  10
		num uvs            :  20
		num uvs2           :  0
		num colors         :  0
		num indices        :  12
	processing begun of mesh:  Mesh03
		registered as also a user of material:  Foregrou
		num positions      :  5
		num normals        :  5
		num uvs            :  10
		num uvs2           :  0
		num colors         :  0
		num indices        :  6
	processing begun of mesh:  Mesh02
		registered as also a user of material:  Foregrou
		num positions      :  60
		num normals        :  60
		num uvs            :  120
		num uvs2           :  0
		num colors         :  0
		num indices        :  72
	processing begun of mesh:  Mesh01
		processing begun of Standard material:  Lisanne_
		processing begun of Standard material:  Lisann07
		processing begun of Standard material:  Lisann16
		processing begun of Standard material:  Lisann03
		processing begun of Standard material:  Lisann08
		processing begun of Standard material:  Lisann05
		processing begun of Standard material:  Lisann13
		processing begun of Standard material:  Lisann11
		processing begun of Standard material:  Lisann19
		processing begun of Standard material:  Lisann10
		processing begun of Standard material:  Lisann17
		processing begun of Standard material:  Lisann12
		processing begun of Standard material:  Lisann01
		processing begun of Standard material:  Lisann06
		processing begun of Standard material:  Lisann09
		processing begun of Standard material:  Lisann18
		processing begun of Standard material:  Lisann14
		processing begun of Standard material:  Lisann15
		processing begun of Standard material:  Lisann21
		processing begun of Standard material:  Lisann02
		processing begun of Standard material:  Lisann20
		processing begun of Standard material:  Lisann22
		processing begun of Standard material:  Lisann04
		processing begun of multimaterial:  simplehousecolor.Multimaterial#1
		num positions      :  1422
		num normals        :  1422
		num uvs            :  2844
		num uvs2           :  0
		num colors         :  0
		num indices        :  4011
	processing begun of mesh:  Lisanne1
		WARNING: No materials have been assigned: 
		num positions      :  0
		num normals        :  0
		num uvs            :  0
		num uvs2           :  0
		num colors         :  0
		num indices        :  0
	processing begun of camera (FreeCamera):  Camera
	processing begun of light (POINT):  Lamp
========= Writing of scene file started =========
========= Writing of scene file completed =========
========= end of processing =========
elapsed time:  0 min, 0.667 secs
